29.11.2016 0:23:54	Этот журнал содержит сведения об операции импорта схемы в проект "Rico_OlapDB" на компьютере "BAKUMSQL2014", выполненной пользователем "bakum".
29.11.2016 0:23:54	Импорт схемы базы данных начат.
29.11.2016 0:24:01	Идет сбор параметров базы данных
29.11.2016 0:24:01	Идет сбор пользователей
29.11.2016 0:24:01	Идет сбор ролей
29.11.2016 0:24:01	Идет сбор ролей приложений
29.11.2016 0:24:01	Идет сбор членств ролей
29.11.2016 0:24:01	Идет сбор файловых групп
29.11.2016 0:24:01	Идет сбор полнотекстовых каталогов
29.11.2016 0:24:01	Идет сбор сборок
29.11.2016 0:24:01	Идет сбор сертификатов
29.11.2016 0:24:01	Идет сбор асимметричных ключей
29.11.2016 0:24:01	Идет сбор симметричных ключей
29.11.2016 0:24:01	Идет сбор зашифрованных симметричных ключей
29.11.2016 0:24:01	Идет сбор схем
29.11.2016 0:24:02	Идет сбор коллекции схем XML
29.11.2016 0:24:02	Идет сбор определяемых пользователем типов данных
29.11.2016 0:24:02	Идет сбор определяемых пользователем типов
29.11.2016 0:24:02	Идет сбор табличных типов
29.11.2016 0:24:02	Сбор уникальных ключей для табличных типов
29.11.2016 0:24:02	Идет сбор первичных ключей для табличных типов
29.11.2016 0:24:02	Сбор индексов для табличных типов
29.11.2016 0:24:03	Идет сбор проверочных ограничений для табличных типов
29.11.2016 0:24:03	Идет сбор ограничений по умолчанию для табличных типов
29.11.2016 0:24:03	Идет сбор функций секционирования
29.11.2016 0:24:03	Идет сбор схем секционирования
29.11.2016 0:24:03	Идет сбор функций
29.11.2016 0:24:03	Сбор зашифрованных функций
29.11.2016 0:24:03	Идет сбор статистических выражений
29.11.2016 0:24:03	Идет сбор процедур
29.11.2016 0:24:03	Сбор зашифрованных процедур
29.11.2016 0:24:03	Идет сбор таблиц
29.11.2016 0:24:03	Идет сбор первичных ключей
29.11.2016 0:24:03	Идет сбор ограничений уникальности
29.11.2016 0:24:03	Идет сбор внешних ключей
29.11.2016 0:24:03	Идет сбор ограничений по умолчанию
29.11.2016 0:24:03	Идет сбор проверочных ограничений
29.11.2016 0:24:03	Идет сбор представлений
29.11.2016 0:24:03	Сбор зашифрованных представлений
29.11.2016 0:24:03	Идет сбор индексов
29.11.2016 0:24:04	Идет сбор статистики
29.11.2016 0:24:04	Идет сбор списков стоп-слов полнотекстовых индексов
29.11.2016 0:24:04	Сбор списков свойств поиска
29.11.2016 0:24:04	Сбор свойств поиска
29.11.2016 0:24:04	Идет сбор полнотекстовых индексов
29.11.2016 0:24:04	Сбор индексов хранилища столбцов
29.11.2016 0:24:04	Идет сбор пространственных индексов
29.11.2016 0:24:04	Идет сбор XML-индексов
29.11.2016 0:24:04	Сбор селективных XML-индексов
29.11.2016 0:24:04	Сбор зашифрованных триггеров
29.11.2016 0:24:04	Идет сбор триггеров
29.11.2016 0:24:04	Идет сбор зашифрованных триггеров и триггеров ddl clr
29.11.2016 0:24:04	Идет сбор триггеров ddl
29.11.2016 0:24:04	Идет сбор синонимов
29.11.2016 0:24:04	Идет сбор значений по умолчанию
29.11.2016 0:24:04	Идет сбор привязок uddt ограничений данных
29.11.2016 0:24:04	Идет сбор правил
29.11.2016 0:24:04	Идет сбор привязок uddt ограничений данных
29.11.2016 0:24:04	Идет сбор типов сообщений
29.11.2016 0:24:04	Идет сбор списков ожидания
29.11.2016 0:24:04	Идет сбор контрактов
29.11.2016 0:24:04	Идет сбор служб
29.11.2016 0:24:04	Идет сбор уведомлений о событиях
29.11.2016 0:24:04	Идет сбор привязок удаленных служб
29.11.2016 0:24:04	Идет сбор приоритетов брокера
29.11.2016 0:24:04	Идет сбор подписей
29.11.2016 0:24:04	Идет сбор параметров сжатия данных
29.11.2016 0:24:04	Сбор типов последовательностей
29.11.2016 0:24:04	Идет сбор расширенных свойств
29.11.2016 0:24:04	Идет сбор учетных данных
29.11.2016 0:24:04	Идет сбор имен входа
29.11.2016 0:24:04	Идет сбор аудитов сервера
29.11.2016 0:24:06	Выполняется проверка проекта на наличие повторяющихся элементов
29.11.2016 0:24:08	Обработка повторяющегося элемента завершена
29.11.2016 0:24:09	Импорт базы данных завершен.
29.11.2016 0:24:09	summary операции импорта была сохранена по следующему пути: c:\users\bakum\documents\visual studio 2015\Projects\Rico_OlapDB\Rico_OlapDB\Журналы импорта схем\Rico_OlapDB_20161128102354.log
29.11.2016 0:24:09	Для продолжения нажмите кнопку ''Готово''...
